<?xml version="1.0" encoding="UTF-8"?>
<!-- Generated by org.testng.reporters.JUnitReportReporter -->
<testsuite hostname="orangelt070" failures="0" tests="1" name="TestCases.TC_Test_002" time="0.648" errors="0" timestamp="22 Jun 2021 17:45:21 GMT" skipped="0">
  <testcase classname="TestCases.TC_Test_002" name="CreateUser" time="0.648"/>
</testsuite> <!-- TestCases.TC_Test_002 -->
