<?xml version="1.0" encoding="UTF-8"?>
<!-- Generated by org.testng.reporters.JUnitReportReporter -->
<testsuite hostname="orangelt070" failures="0" tests="1" name="TestCases.TC_Test_001" time="1.578" errors="0" timestamp="22 Jun 2021 17:45:21 GMT" skipped="0">
  <testcase classname="TestCases.TC_Test_001" name="get" time="1.578"/>
</testsuite> <!-- TestCases.TC_Test_001 -->
